Build started 23/10/2017 10:57:16.
     1>Project "C:\Users\jlemley\Desktop\holesmakesmaller\FinalMonteCarloRectangle.vcxproj" on node 2 (Rebuild target(s)).
     1>ClCompile:
         C:\Program Files (x86)\Microsoft Visual Studio 12.0\VC\bin\CL.exe /c /ZI /nologo /W3 /WX- /sdl /Od /Oy- /D _MBCS /Gm /EHsc /RTC1 /MDd /GS /fp:precise /Zc:wchar_t /Zc:forScope /Fo"Debug\\" /Fd"Debug\vc120.pdb" /Gd /TP /analyze- /errorReport:prompt glsample.cpp hyperrectangle.cpp mcexp.cpp pointcontainer.cpp
         pointcontainer.cpp
         mcexp.cpp
     1>c:\users\jlemley\desktop\holesmakesmaller\mcexp.cpp(67): warning C4018: '<=' : signed/unsigned mismatch
     1>c:\users\jlemley\desktop\holesmakesmaller\mcexp.cpp(101): warning C4018: '>=' : signed/unsigned mismatch
     1>c:\users\jlemley\desktop\holesmakesmaller\mcexp.cpp(129): warning C4018: '<' : signed/unsigned mismatch
     1>c:\users\jlemley\desktop\holesmakesmaller\mcexp.cpp(512): warning C4018: '<' : signed/unsigned mismatch
     1>c:\users\jlemley\desktop\holesmakesmaller\mcexp.cpp(521): warning C4018: '<' : signed/unsigned mismatch
     1>c:\users\jlemley\desktop\holesmakesmaller\mcexp.cpp(524): warning C4018: '<' : signed/unsigned mismatch
     1>c:\users\jlemley\desktop\holesmakesmaller\mcexp.cpp(542): warning C4018: '<' : signed/unsigned mismatch
     1>c:\users\jlemley\desktop\holesmakesmaller\mcexp.cpp(543): warning C4018: '<' : signed/unsigned mismatch
     1>c:\users\jlemley\desktop\holesmakesmaller\mcexp.cpp(558): warning C4018: '<' : signed/unsigned mismatch
     1>c:\users\jlemley\desktop\holesmakesmaller\mcexp.cpp(569): warning C4018: '<' : signed/unsigned mismatch
     1>c:\users\jlemley\desktop\holesmakesmaller\mcexp.cpp(571): warning C4018: '<' : signed/unsigned mismatch
     1>c:\users\jlemley\desktop\holesmakesmaller\mcexp.cpp(586): warning C4244: 'argument' : conversion from 'time_t' to 'unsigned int', possible loss of data
         hyperrectangle.cpp
     1>c:\users\jlemley\desktop\holesmakesmaller\hyperrectangle.cpp(75): warning C4018: '<' : signed/unsigned mismatch
         glsample.cpp
     1>c:\users\jlemley\desktop\holesmakesmaller\glsample.cpp(37): warning C4305: 'initializing' : truncation from 'double' to 'float'
     1>c:\users\jlemley\desktop\holesmakesmaller\glsample.cpp(305): warning C4244: 'initializing' : conversion from 'double' to 'float', possible loss of data
     1>c:\users\jlemley\desktop\holesmakesmaller\glsample.cpp(306): warning C4244: 'initializing' : conversion from 'double' to 'float', possible loss of data
     1>c:\users\jlemley\desktop\holesmakesmaller\glsample.cpp(309): warning C4305: 'argument' : truncation from 'double' to 'GLfloat'
     1>c:\users\jlemley\desktop\holesmakesmaller\glsample.cpp(310): warning C4305: 'argument' : truncation from 'double' to 'GLfloat'
     1>c:\users\jlemley\desktop\holesmakesmaller\glsample.cpp(311): warning C4305: 'argument' : truncation from 'double' to 'GLfloat'
     1>c:\users\jlemley\desktop\holesmakesmaller\glsample.cpp(313): warning C4305: 'argument' : truncation from 'double' to 'GLfloat'
     1>c:\users\jlemley\desktop\holesmakesmaller\glsample.cpp(314): warning C4305: 'argument' : truncation from 'double' to 'GLfloat'
     1>c:\users\jlemley\desktop\holesmakesmaller\glsample.cpp(315): warning C4305: 'argument' : truncation from 'double' to 'GLfloat'
     1>c:\users\jlemley\desktop\holesmakesmaller\glsample.cpp(316): warning C4305: 'argument' : truncation from 'double' to 'GLfloat'
     1>c:\users\jlemley\desktop\holesmakesmaller\glsample.cpp(318): warning C4305: 'argument' : truncation from 'double' to 'GLfloat'
     1>c:\users\jlemley\desktop\holesmakesmaller\glsample.cpp(319): warning C4305: 'argument' : truncation from 'double' to 'GLfloat'
     1>c:\users\jlemley\desktop\holesmakesmaller\glsample.cpp(352): warning C4244: 'initializing' : conversion from 'double' to 'float', possible loss of data
     1>c:\users\jlemley\desktop\holesmakesmaller\glsample.cpp(353): warning C4244: 'initializing' : conversion from 'double' to 'float', possible loss of data
     1>c:\users\jlemley\desktop\holesmakesmaller\glsample.cpp(354): warning C4244: 'initializing' : conversion from 'double' to 'float', possible loss of data
     1>c:\users\jlemley\desktop\holesmakesmaller\glsample.cpp(360): warning C4305: 'argument' : truncation from 'double' to 'GLfloat'
     1>c:\users\jlemley\desktop\holesmakesmaller\glsample.cpp(361): warning C4305: 'argument' : truncation from 'double' to 'GLfloat'
     1>c:\users\jlemley\desktop\holesmakesmaller\glsample.cpp(362): warning C4305: 'argument' : truncation from 'double' to 'GLfloat'
     1>c:\users\jlemley\desktop\holesmakesmaller\glsample.cpp(363): warning C4305: 'argument' : truncation from 'double' to 'GLfloat'
     1>c:\users\jlemley\desktop\holesmakesmaller\glsample.cpp(438): warning C4244: 'initializing' : conversion from 'double' to 'float', possible loss of data
     1>c:\users\jlemley\desktop\holesmakesmaller\glsample.cpp(439): warning C4244: 'initializing' : conversion from 'double' to 'float', possible loss of data
     1>c:\users\jlemley\desktop\holesmakesmaller\glsample.cpp(440): warning C4244: 'initializing' : conversion from 'double' to 'float', possible loss of data
     1>c:\users\jlemley\desktop\holesmakesmaller\glsample.cpp(446): warning C4305: 'argument' : truncation from 'double' to 'GLfloat'
     1>c:\users\jlemley\desktop\holesmakesmaller\glsample.cpp(447): warning C4305: 'argument' : truncation from 'double' to 'GLfloat'
     1>c:\users\jlemley\desktop\holesmakesmaller\glsample.cpp(448): warning C4305: 'argument' : truncation from 'double' to 'GLfloat'
     1>c:\users\jlemley\desktop\holesmakesmaller\glsample.cpp(449): warning C4305: 'argument' : truncation from 'double' to 'GLfloat'
     1>c:\users\jlemley\desktop\holesmakesmaller\glsample.cpp(515): warning C4244: 'initializing' : conversion from 'double' to 'float', possible loss of data
     1>c:\users\jlemley\desktop\holesmakesmaller\glsample.cpp(516): warning C4244: 'initializing' : conversion from 'double' to 'float', possible loss of data
     1>c:\users\jlemley\desktop\holesmakesmaller\glsample.cpp(517): warning C4244: 'initializing' : conversion from 'double' to 'float', possible loss of data
     1>c:\users\jlemley\desktop\holesmakesmaller\glsample.cpp(518): warning C4244: 'initializing' : conversion from 'double' to 'float', possible loss of data
     1>c:\users\jlemley\desktop\holesmakesmaller\glsample.cpp(519): warning C4305: 'argument' : truncation from 'double' to 'GLfloat'
     1>c:\users\jlemley\desktop\holesmakesmaller\glsample.cpp(520): warning C4305: 'argument' : truncation from 'double' to 'GLfloat'
     1>c:\users\jlemley\desktop\holesmakesmaller\glsample.cpp(521): warning C4305: 'argument' : truncation from 'double' to 'GLfloat'
     1>c:\users\jlemley\desktop\holesmakesmaller\glsample.cpp(523): warning C4305: 'argument' : truncation from 'double' to 'GLfloat'
     1>c:\users\jlemley\desktop\holesmakesmaller\glsample.cpp(524): warning C4305: 'argument' : truncation from 'double' to 'GLfloat'
     1>c:\users\jlemley\desktop\holesmakesmaller\glsample.cpp(525): warning C4305: 'argument' : truncation from 'double' to 'GLfloat'
     1>c:\users\jlemley\desktop\holesmakesmaller\glsample.cpp(526): warning C4305: 'argument' : truncation from 'double' to 'GLfloat'
     1>c:\users\jlemley\desktop\holesmakesmaller\glsample.cpp(528): warning C4305: 'argument' : truncation from 'double' to 'GLfloat'
     1>c:\users\jlemley\desktop\holesmakesmaller\glsample.cpp(529): warning C4305: 'argument' : truncation from 'double' to 'GLfloat'
     1>c:\users\jlemley\desktop\holesmakesmaller\glsample.cpp(568): warning C4244: 'initializing' : conversion from 'double' to 'float', possible loss of data
     1>c:\users\jlemley\desktop\holesmakesmaller\glsample.cpp(569): warning C4244: 'initializing' : conversion from 'double' to 'float', possible loss of data
     1>c:\users\jlemley\desktop\holesmakesmaller\glsample.cpp(570): warning C4244: 'initializing' : conversion from 'double' to 'float', possible loss of data
     1>c:\users\jlemley\desktop\holesmakesmaller\glsample.cpp(572): warning C4305: 'initializing' : truncation from 'double' to 'float'
     1>c:\users\jlemley\desktop\holesmakesmaller\glsample.cpp(594): warning C4244: '=' : conversion from 'double' to 'float', possible loss of data
     1>c:\users\jlemley\desktop\holesmakesmaller\glsample.cpp(601): warning C4305: '=' : truncation from 'double' to 'float'
     1>c:\users\jlemley\desktop\holesmakesmaller\glsample.cpp(602): warning C4244: '=' : conversion from 'double' to 'float', possible loss of data
     1>c:\users\jlemley\desktop\holesmakesmaller\glsample.cpp(621): warning C4244: '=' : conversion from 'double' to 'float', possible loss of data
     1>c:\users\jlemley\desktop\holesmakesmaller\glsample.cpp(626): warning C4244: '=' : conversion from 'double' to 'float', possible loss of data
     1>c:\users\jlemley\desktop\holesmakesmaller\glsample.cpp(627): warning C4244: '=' : conversion from 'double' to 'float', possible loss of data
     1>c:\users\jlemley\desktop\holesmakesmaller\glsample.cpp(629): warning C4305: '=' : truncation from 'double' to 'float'
     1>c:\users\jlemley\desktop\holesmakesmaller\glsample.cpp(646): warning C4244: '=' : conversion from 'double' to 'float', possible loss of data
     1>c:\users\jlemley\desktop\holesmakesmaller\glsample.cpp(798): warning C4018: '<' : signed/unsigned mismatch
     1>c:\users\jlemley\desktop\holesmakesmaller\glsample.cpp(800): warning C4244: 'argument' : conversion from 'double' to 'GLfloat', possible loss of data
     1>c:\users\jlemley\desktop\holesmakesmaller\glsample.cpp(888): warning C4305: '+=' : truncation from 'double' to 'float'
     1>c:\users\jlemley\desktop\holesmakesmaller\glsample.cpp(893): warning C4305: '-=' : truncation from 'double' to 'float'
     1>c:\users\jlemley\desktop\holesmakesmaller\glsample.cpp(900): warning C4305: '+=' : truncation from 'double' to 'float'
     1>c:\users\jlemley\desktop\holesmakesmaller\glsample.cpp(907): warning C4305: '-=' : truncation from 'double' to 'float'
     1>c:\users\jlemley\desktop\holesmakesmaller\glsample.cpp(917): warning C4305: '+=' : truncation from 'double' to 'float'
     1>c:\users\jlemley\desktop\holesmakesmaller\glsample.cpp(924): warning C4305: '-=' : truncation from 'double' to 'float'
         Generating Code...
     1>c:\users\jlemley\desktop\holesmakesmaller\hyperrectangle.cpp(62): warning C4715: 'HyperRectangle::isIdenticalTo' : not all control paths return a value
     1>c:\users\jlemley\desktop\holesmakesmaller\mcexp.cpp(290): warning C4715: 'findMax' : not all control paths return a value
     1>c:\users\jlemley\desktop\holesmakesmaller\mcexp.cpp(305): warning C4715: 'findMin' : not all control paths return a value
       Link:
         C:\Program Files (x86)\Microsoft Visual Studio 12.0\VC\bin\link.exe /ERRORREPORT:PROMPT /OUT:"C:\Users\jlemley\Desktop\holesmakesmaller\Debug\FinalMonteCarloRectangle.exe" /INCREMENTAL /NOLOGO opengl32.lib kernel32.lib user32.lib gdi32.lib winspool.lib comdlg32.lib advapi32.lib shell32.lib ole32.lib oleaut32.lib uuid.lib odbc32.lib odbccp32.lib /MANIFEST /MANIFESTUAC:"level='asInvoker' uiAccess='false'" /manifest:embed /DEBUG /PDB:"C:\Users\jlemley\Desktop\holesmakesmaller\Debug\FinalMonteCarloRectangle.pdb" /TLBID:1 /DYNAMICBASE /NXCOMPAT /IMPLIB:"C:\Users\jlemley\Desktop\holesmakesmaller\Debug\FinalMonteCarloRectangle.lib" /MACHINE:X86 Debug\glsample.obj
         Debug\hyperrectangle.obj
         Debug\mcexp.obj
         Debug\pointcontainer.obj
         FinalMonteCarloRectangle.vcxproj -> C:\Users\jlemley\Desktop\holesmakesmaller\Debug\FinalMonteCarloRectangle.exe
     1>Done Building Project "C:\Users\jlemley\Desktop\holesmakesmaller\FinalMonteCarloRectangle.vcxproj" (Rebuild target(s)).

Build succeeded.

Time Elapsed 00:00:03.56
